{"email":"antonio093@gmail.com","level":"info","message":"Dati ricevuti:","password":"H6@kjd76mdn4t","service":"user-service","timestamp":"2024-12-02 17:37:58"}
{"level":"info","message":"Verifica dell'utente esistente","service":"user-service","timestamp":"2024-12-02 17:37:58"}
{"level":"info","message":"Tentativo di registrazione dell'utente","service":"user-service","timestamp":"2024-12-02 17:37:58"}
{"level":"info","message":"Utente registrato con successo","service":"user-service","timestamp":"2024-12-02 17:37:59"}
{"level":"info","message":"Dati ricevuti:","service":"user-service","timestamp":"2024-12-02 17:41:19"}
{"level":"info","message":"tabella non eliminata ","service":"user-service","timestamp":"2024-12-02 17:41:19"}
{"level":"info","message":"tabella non eliminata ","service":"user-service","timestamp":"2024-12-02 17:42:30"}
{"email":"antonio093@gmail.com","level":"info","message":"Dati ricevuti:","password":"H6@kjd76mdn4t","service":"user-service","timestamp":"2024-12-02 17:43:25"}
{"level":"info","message":"Verifica dell'utente esistente","service":"user-service","timestamp":"2024-12-02 17:43:25"}
{"level":"info","message":"Tentativo di registrazione dell'utente","service":"user-service","timestamp":"2024-12-02 17:43:25"}
{"level":"info","message":"Utente registrato con successo","service":"user-service","timestamp":"2024-12-02 17:43:25"}
{"level":"info","message":"tabella eliminata con successo","service":"user-service","timestamp":"2024-12-02 17:43:28"}
{"email":"antonio093@gmail.com","level":"info","message":"Dati ricevuti:","password":"H6@kjd76mdn4t","service":"user-service","timestamp":"2024-12-02 17:46:11"}
{"level":"info","message":"Verifica dell'utente esistente","service":"user-service","timestamp":"2024-12-02 17:46:11"}
{"level":"info","message":"Tentativo di registrazione dell'utente","service":"user-service","timestamp":"2024-12-02 17:46:11"}
{"level":"info","message":"Utente registrato con successo","service":"user-service","timestamp":"2024-12-02 17:46:11"}
{"level":"error","message":"errore standard di js:SQLITE_ERROR: near \"TABLE\": syntax error","service":"user-service","timestamp":"2024-12-02 17:46:16"}
{"level":"info","message":"tabella svuotata con successo","service":"user-service","timestamp":"2024-12-02 17:46:51"}
{"level":"info","message":"Verifica dell'utente esistente","service":"user-service","timestamp":"2024-12-03 10:08:05"}
{"level":"info","message":"Tentativo di registrazione dell'utente","service":"user-service","timestamp":"2024-12-03 10:08:05"}
{"level":"info","message":"Utente registrato con successo","service":"user-service","timestamp":"2024-12-03 10:08:05"}
{"level":"error","message":"Errore standard di Js: SQLITE_RANGE: column index out of range","service":"user-service","timestamp":"2024-12-03 10:08:19"}
{"level":"error","message":"Errore standard di Js: SQLITE_RANGE: column index out of range","service":"user-service","timestamp":"2024-12-03 10:09:46"}
{"level":"error","message":"Errore standard di Js: SQLITE_RANGE: column index out of range","service":"user-service","timestamp":"2024-12-03 10:11:41"}
{"level":"error","message":"Errore standard di Js: SQLITE_RANGE: column index out of range","service":"user-service","timestamp":"2024-12-03 10:11:42"}
{"level":"error","message":"Errore standard di Js: SQLITE_RANGE: column index out of range","service":"user-service","timestamp":"2024-12-03 10:12:51"}
{"level":"error","message":"Errore standard di Js: SQLITE_RANGE: column index out of range","service":"user-service","timestamp":"2024-12-03 10:13:51"}
{"level":"error","message":"Errore standard di Js: SQLITE_RANGE: column index out of range","service":"user-service","timestamp":"2024-12-03 10:19:50"}
{"level":"error","message":"Errore standard di Js: SQLITE_RANGE: column index out of range","service":"user-service","timestamp":"2024-12-03 10:20:32"}
{"level":"error","message":"Errore standard di Js: SQLITE_RANGE: column index out of range","service":"user-service","timestamp":"2024-12-03 10:22:34"}
{"level":"error","message":"Errore standard di Js: SQLITE_ERROR: near \"idUser\": syntax error","service":"user-service","timestamp":"2024-12-03 10:24:23"}
{"level":"info","message":"utente eliminato con successo","service":"user-service","timestamp":"2024-12-03 10:25:48"}
{"level":"info","message":"Verifica dell'utente esistente","service":"user-service","timestamp":"2024-12-03 12:37:17"}
{"level":"info","message":"Tentativo di registrazione dell'utente","service":"user-service","timestamp":"2024-12-03 12:37:17"}
{"level":"info","message":"Utente registrato con successo","service":"user-service","timestamp":"2024-12-03 12:37:17"}
{"0":"a","1":"n","10":"@","11":"g","12":"m","13":"a","14":"i","15":"l","16":".","17":"c","18":"o","19":"m","2":"t","3":"o","4":"n","5":"i","6":"o","7":"0","8":"9","9":"3","level":"info","message":"tentativo di login ricevuto","service":"user-service","timestamp":"2024-12-03 12:37:21"}
{"level":"error","message":"Errore JavaScript: SQLITE_ERROR: 2 values for 3 columns","service":"user-service","timestamp":"2024-12-03 12:37:22"}
{"0":"a","1":"n","10":"@","11":"g","12":"m","13":"a","14":"i","15":"l","16":".","17":"c","18":"o","19":"m","2":"t","3":"o","4":"n","5":"i","6":"o","7":"0","8":"9","9":"3","level":"info","message":"tentativo di login ricevuto","service":"user-service","timestamp":"2024-12-03 12:38:21"}
{"level":"info","message":"login effettuato antonio093@gmail.com ","service":"user-service","timestamp":"2024-12-03 12:38:21"}
{"level":"error","message":"Errore JavaScript: Cannot set headers after they are sent to the client","service":"user-service","timestamp":"2024-12-03 12:52:06"}
{"level":"warn","message":"Nessun header di autorizzazione presente","service":"user-service","timestamp":"2024-12-03 12:53:32"}
{"level":"error","message":"Errore JavaScript: Cannot set headers after they are sent to the client","service":"user-service","timestamp":"2024-12-03 12:56:54"}
{"level":"info","message":"Tentativo di logout ricevuto","service":"user-service","timestamp":"2024-12-03 12:57:39","token":"eyJhbGciOiJIUzI1NiIsInR5cCI6IkpXVCJ9.eyJpZCI6ImMxYTQ3OWZkLTEwNmEtNGQ4ZC04MzE0LWQ5MDM5ZWE1ZGNmZSIsImlhdCI6MTczMzIyNTkwMSwiZXhwIjoxNzMzMjI3NzAxfQ.RMZNFPocIHTNCS9ANQqZO3RCJTDgX71q7dpZg1ZDous"}
{"level":"info","message":"logout effettuato con successo","service":"user-service","timestamp":"2024-12-03 12:57:39"}
{"0":"a","1":"n","10":"@","11":"g","12":"m","13":"a","14":"i","15":"l","16":".","17":"c","18":"o","19":"m","2":"t","3":"o","4":"n","5":"i","6":"o","7":"0","8":"9","9":"3","level":"info","message":"tentativo di login ricevuto","service":"user-service","timestamp":"2024-12-03 12:58:07"}
{"level":"info","message":"login effettuato antonio093@gmail.com ","service":"user-service","timestamp":"2024-12-03 12:58:07"}
{"level":"info","message":"Tentativo di logout ricevuto","service":"user-service","timestamp":"2024-12-03 12:59:04","token":"eyJhbGciOiJIUzI1NiIsInR5cCI6IkpXVCJ9.eyJpZCI6ImMxYTQ3OWZkLTEwNmEtNGQ4ZC04MzE0LWQ5MDM5ZWE1ZGNmZSIsImlhdCI6MTczMzIyNzA4NywiZXhwIjoxNzMzMjI4ODg3fQ.VqUuVwZTo3lzJ_mrejsC-dofxbSgOey2nJYrMFpkgbA"}
{"level":"info","message":"logout effettuato con successo","service":"user-service","timestamp":"2024-12-03 12:59:04"}
{"0":"a","1":"n","10":"@","11":"g","12":"m","13":"a","14":"i","15":"l","16":".","17":"c","18":"o","19":"m","2":"t","3":"o","4":"n","5":"i","6":"o","7":"0","8":"9","9":"3","level":"info","message":"tentativo di login ricevuto","service":"user-service","timestamp":"2024-12-03 13:09:56"}
{"level":"info","message":"login effettuato antonio093@gmail.com ","service":"user-service","timestamp":"2024-12-03 13:09:56"}
{"level":"info","message":"tabella svuotata con successo","service":"user-service","timestamp":"2024-12-03 13:11:07"}
{"level":"warn","message":"Email o password non corretti antonio093@gmail.com","service":"user-service","timestamp":"2024-12-03 13:13:04"}
{"level":"info","message":"Verifica dell'utente esistente","service":"user-service","timestamp":"2024-12-03 13:14:34"}
{"level":"info","message":"Tentativo di registrazione dell'utente","service":"user-service","timestamp":"2024-12-03 13:14:34"}
{"level":"info","message":"Utente registrato con successo","service":"user-service","timestamp":"2024-12-03 13:14:34"}
{"0":"a","1":"n","10":"@","11":"g","12":"m","13":"a","14":"i","15":"l","16":".","17":"c","18":"o","19":"m","2":"t","3":"o","4":"n","5":"i","6":"o","7":"0","8":"9","9":"3","level":"info","message":"tentativo di login ricevuto","service":"user-service","timestamp":"2024-12-03 13:14:37"}
{"level":"error","message":"Errore JavaScript: SQLITE_CONSTRAINT: UNIQUE constraint failed: auth.idUser","service":"user-service","timestamp":"2024-12-03 13:14:38"}
{"0":"a","1":"n","10":"@","11":"g","12":"m","13":"a","14":"i","15":"l","16":".","17":"c","18":"o","19":"m","2":"t","3":"o","4":"n","5":"i","6":"o","7":"0","8":"9","9":"3","level":"info","message":"tentativo di login ricevuto","service":"user-service","timestamp":"2024-12-03 13:15:20"}
{"level":"error","message":"Errore JavaScript: SQLITE_CONSTRAINT: UNIQUE constraint failed: auth.idUser","service":"user-service","timestamp":"2024-12-03 13:15:21"}
{"0":"a","1":"n","10":"@","11":"g","12":"m","13":"a","14":"i","15":"l","16":".","17":"c","18":"o","19":"m","2":"t","3":"o","4":"n","5":"i","6":"o","7":"0","8":"9","9":"3","level":"info","message":"tentativo di login ricevuto","service":"user-service","timestamp":"2024-12-03 13:15:42"}
{"level":"error","message":"Errore JavaScript: SQLITE_CONSTRAINT: UNIQUE constraint failed: auth.idUser","service":"user-service","timestamp":"2024-12-03 13:15:42"}
{"level":"info","message":"tabella svuotata con successo","service":"user-service","timestamp":"2024-12-03 13:16:03"}
{"level":"warn","message":"Email o password non corretti antonio093@gmail.com","service":"user-service","timestamp":"2024-12-03 13:17:00"}
{"level":"info","message":"Verifica dell'utente esistente","service":"user-service","timestamp":"2024-12-03 13:17:35"}
{"level":"info","message":"Tentativo di registrazione dell'utente","service":"user-service","timestamp":"2024-12-03 13:17:35"}
{"level":"info","message":"Utente registrato con successo","service":"user-service","timestamp":"2024-12-03 13:17:35"}
{"level":"info","message":"tabella svuotata con successo","service":"user-service","timestamp":"2024-12-03 13:17:41"}
{"level":"info","message":"tabella non svuotata ","service":"user-service","timestamp":"2024-12-03 13:19:44"}
{"level":"info","message":"tabella non svuotata ","service":"user-service","timestamp":"2024-12-03 13:20:12"}
{"level":"info","message":"tabella svuotata con successo","service":"user-service","timestamp":"2024-12-03 13:21:43"}
{"level":"info","message":"Verifica dell'utente esistente","service":"user-service","timestamp":"2024-12-03 13:22:28"}
{"level":"info","message":"Tentativo di registrazione dell'utente","service":"user-service","timestamp":"2024-12-03 13:22:28"}
{"level":"info","message":"Utente registrato con successo","service":"user-service","timestamp":"2024-12-03 13:22:28"}
{"0":"a","1":"n","10":"@","11":"g","12":"m","13":"a","14":"i","15":"l","16":".","17":"c","18":"o","19":"m","2":"t","3":"o","4":"n","5":"i","6":"o","7":"0","8":"9","9":"3","level":"info","message":"tentativo di login ricevuto","service":"user-service","timestamp":"2024-12-03 13:22:34"}
{"level":"info","message":"login effettuato antonio093@gmail.com ","service":"user-service","timestamp":"2024-12-03 13:22:34"}
{"0":"a","1":"n","10":"@","11":"g","12":"m","13":"a","14":"i","15":"l","16":".","17":"c","18":"o","19":"m","2":"t","3":"o","4":"n","5":"i","6":"o","7":"0","8":"9","9":"3","level":"info","message":"tentativo di login ricevuto","service":"user-service","timestamp":"2024-12-03 13:26:39"}
{"level":"info","message":"login effettuato antonio093@gmail.com ","service":"user-service","timestamp":"2024-12-03 13:26:39"}
{"level":"info","message":"tabella svuotata con successo","service":"user-service","timestamp":"2024-12-03 13:27:51"}
{"0":"a","1":"n","10":"@","11":"g","12":"m","13":"a","14":"i","15":"l","16":".","17":"c","18":"o","19":"m","2":"t","3":"o","4":"n","5":"i","6":"o","7":"0","8":"9","9":"3","level":"info","message":"tentativo di login ricevuto","service":"user-service","timestamp":"2024-12-04 10:52:39"}
{"level":"error","message":"Errore JavaScript: SQLITE_CONSTRAINT: NOT NULL constraint failed: auth.idUser","service":"user-service","timestamp":"2024-12-04 10:52:39"}
{"0":"a","1":"n","10":"@","11":"g","12":"m","13":"a","14":"i","15":"l","16":".","17":"c","18":"o","19":"m","2":"t","3":"o","4":"n","5":"i","6":"o","7":"0","8":"9","9":"3","level":"info","message":"tentativo di login ricevuto","service":"user-service","timestamp":"2024-12-04 10:53:07"}
{"level":"error","message":"Errore JavaScript: SQLITE_CONSTRAINT: NOT NULL constraint failed: auth.idUser","service":"user-service","timestamp":"2024-12-04 10:53:07"}
{"0":"a","1":"n","10":"@","11":"g","12":"m","13":"a","14":"i","15":"l","16":".","17":"c","18":"o","19":"m","2":"t","3":"o","4":"n","5":"i","6":"o","7":"0","8":"9","9":"3","level":"info","message":"tentativo di login ricevuto","service":"user-service","timestamp":"2024-12-04 10:56:04"}
{"level":"error","message":"Errore JavaScript: SQLITE_CONSTRAINT: NOT NULL constraint failed: auth.idUser","service":"user-service","timestamp":"2024-12-04 10:56:04"}
{"0":"a","1":"n","10":"@","11":"g","12":"m","13":"a","14":"i","15":"l","16":".","17":"c","18":"o","19":"m","2":"t","3":"o","4":"n","5":"i","6":"o","7":"0","8":"9","9":"3","level":"info","message":"tentativo di login ricevuto","service":"user-service","timestamp":"2024-12-04 11:02:51"}
{"level":"info","message":"user id mancante","service":"user-service","timestamp":"2024-12-04 11:02:51"}
{"0":"a","1":"n","10":"@","11":"g","12":"m","13":"a","14":"i","15":"l","16":".","17":"c","18":"o","19":"m","2":"t","3":"o","4":"n","5":"i","6":"o","7":"0","8":"9","9":"3","level":"info","message":"tentativo di login ricevuto","service":"user-service","timestamp":"2024-12-04 11:04:24"}
{"level":"info","message":"login effettuato antonio093@gmail.com ","service":"user-service","timestamp":"2024-12-04 11:04:25"}
