{"level":"error","message":"Errore nel controller di cleanTableUser","service":"user-service","timestamp":"2024-12-02 17:41:19"}
{"level":"error","message":"Errore nel controller di cleanTableUser","service":"user-service","timestamp":"2024-12-02 17:42:30"}
{"level":"error","message":"Errore nel controller di cleanTableUser","service":"user-service","timestamp":"2024-12-02 17:43:28"}
{"level":"error","message":"errore standard di js:SQLITE_ERROR: near \"TABLE\": syntax error","service":"user-service","timestamp":"2024-12-02 17:46:16"}
{"level":"error","message":"Errore nel controller di cleanTableUser","service":"user-service","timestamp":"2024-12-02 17:46:51"}
{"level":"error","message":"Errore standard di Js: SQLITE_RANGE: column index out of range","service":"user-service","timestamp":"2024-12-03 10:08:19"}
{"level":"error","message":"Errore standard di Js: SQLITE_RANGE: column index out of range","service":"user-service","timestamp":"2024-12-03 10:09:46"}
{"level":"error","message":"Errore standard di Js: SQLITE_RANGE: column index out of range","service":"user-service","timestamp":"2024-12-03 10:11:41"}
{"level":"error","message":"Errore standard di Js: SQLITE_RANGE: column index out of range","service":"user-service","timestamp":"2024-12-03 10:11:42"}
{"level":"error","message":"Errore standard di Js: SQLITE_RANGE: column index out of range","service":"user-service","timestamp":"2024-12-03 10:12:51"}
{"level":"error","message":"Errore standard di Js: SQLITE_RANGE: column index out of range","service":"user-service","timestamp":"2024-12-03 10:13:51"}
{"level":"error","message":"Errore standard di Js: SQLITE_RANGE: column index out of range","service":"user-service","timestamp":"2024-12-03 10:19:50"}
{"level":"error","message":"Errore standard di Js: SQLITE_RANGE: column index out of range","service":"user-service","timestamp":"2024-12-03 10:20:32"}
{"level":"error","message":"Errore standard di Js: SQLITE_RANGE: column index out of range","service":"user-service","timestamp":"2024-12-03 10:22:34"}
{"level":"error","message":"Errore standard di Js: SQLITE_ERROR: near \"idUser\": syntax error","service":"user-service","timestamp":"2024-12-03 10:24:23"}
{"level":"error","message":"Errore JavaScript: SQLITE_ERROR: 2 values for 3 columns","service":"user-service","timestamp":"2024-12-03 12:37:22"}
{"level":"error","message":"Errore nel controller di login","service":"user-service","timestamp":"2024-12-03 12:38:21"}
{"level":"error","message":"Errore JavaScript: Cannot set headers after they are sent to the client","service":"user-service","timestamp":"2024-12-03 12:52:06"}
{"level":"error","message":"Errore nel controller di logout","service":"user-service","timestamp":"2024-12-03 12:53:32"}
{"level":"error","message":"Errore JavaScript: Cannot set headers after they are sent to the client","service":"user-service","timestamp":"2024-12-03 12:56:54"}
{"level":"error","message":"Errore nel controller di logout","service":"user-service","timestamp":"2024-12-03 12:57:39"}
{"level":"error","message":"Errore nel controller di login","service":"user-service","timestamp":"2024-12-03 12:58:07"}
{"level":"error","message":"Errore nel controller di logout","service":"user-service","timestamp":"2024-12-03 12:59:04"}
{"level":"error","message":"Errore nel controller di login","service":"user-service","timestamp":"2024-12-03 13:09:56"}
{"level":"error","message":"Errore nel controller di login","service":"user-service","timestamp":"2024-12-03 13:11:07"}
{"level":"error","message":"Errore nel controller di login","service":"user-service","timestamp":"2024-12-03 13:13:04"}
{"level":"error","message":"Errore JavaScript: SQLITE_CONSTRAINT: UNIQUE constraint failed: auth.idUser","service":"user-service","timestamp":"2024-12-03 13:14:38"}
{"level":"error","message":"Errore JavaScript: SQLITE_CONSTRAINT: UNIQUE constraint failed: auth.idUser","service":"user-service","timestamp":"2024-12-03 13:15:21"}
{"level":"error","message":"Errore JavaScript: SQLITE_CONSTRAINT: UNIQUE constraint failed: auth.idUser","service":"user-service","timestamp":"2024-12-03 13:15:42"}
{"level":"error","message":"Errore nel controller di login","service":"user-service","timestamp":"2024-12-03 13:16:03"}
{"level":"error","message":"Errore nel controller di login","service":"user-service","timestamp":"2024-12-03 13:17:00"}
{"level":"error","message":"Errore nel controller di login","service":"user-service","timestamp":"2024-12-03 13:17:41"}
{"level":"error","message":"Errore nel controller di login","service":"user-service","timestamp":"2024-12-03 13:19:44"}
{"level":"error","message":"Errore nel controller di login","service":"user-service","timestamp":"2024-12-03 13:20:12"}
{"level":"error","message":"Errore nel controller di login","service":"user-service","timestamp":"2024-12-03 13:21:43"}
{"level":"error","message":"Errore nel controller di login","service":"user-service","timestamp":"2024-12-03 13:22:34"}
{"level":"error","message":"Errore nel controller di login","service":"user-service","timestamp":"2024-12-03 13:26:39"}
{"level":"error","message":"Errore nel controller di login","service":"user-service","timestamp":"2024-12-03 13:27:51"}
{"level":"error","message":"Errore JavaScript: SQLITE_CONSTRAINT: NOT NULL constraint failed: auth.idUser","service":"user-service","timestamp":"2024-12-04 10:52:39"}
{"level":"error","message":"Errore JavaScript: SQLITE_CONSTRAINT: NOT NULL constraint failed: auth.idUser","service":"user-service","timestamp":"2024-12-04 10:53:07"}
{"level":"error","message":"Errore JavaScript: SQLITE_CONSTRAINT: NOT NULL constraint failed: auth.idUser","service":"user-service","timestamp":"2024-12-04 10:56:04"}
{"level":"error","message":"Errore nel controller di login","service":"user-service","timestamp":"2024-12-04 11:02:51"}
{"level":"error","message":"Errore nel controller di login","service":"user-service","timestamp":"2024-12-04 11:04:25"}
{"level":"error","message":"Errore nel controller di cleanTableUser","service":"user-service","timestamp":"2024-12-05 21:09:26"}
{"level":"error","message":"Errore nel controller di login","service":"user-service","timestamp":"2024-12-05 21:10:00"}
{"level":"error","message":"Errore nel controller di login","service":"user-service","timestamp":"2024-12-05 21:10:46"}
{"level":"error","message":"Errore nel controller di login","service":"user-service","timestamp":"2024-12-05 21:11:58"}
{"level":"error","message":"Errore nel controller di login","service":"user-service","timestamp":"2024-12-05 21:13:47"}
{"level":"error","message":"Errore nel controller di logout","service":"user-service","timestamp":"2024-12-05 21:15:15"}
{"level":"error","message":"Errore nel controller di login","service":"user-service","timestamp":"2024-12-05 21:22:57"}
{"level":"error","message":"Errore nel controller di cleanTableUser","service":"user-service","timestamp":"2024-12-05 21:30:15"}
{"level":"error","message":"Errore nel controller di login","service":"user-service","timestamp":"2024-12-05 21:31:07"}
{"level":"error","message":"Errore nel controller di login","service":"user-service","timestamp":"2024-12-05 21:31:46"}
{"level":"error","message":"Errore nel controller di login","service":"user-service","timestamp":"2024-12-06 10:57:10"}
{"level":"error","message":"Errore nel controller di login","service":"user-service","timestamp":"2024-12-06 10:58:31"}
{"level":"error","message":"Errore nel controller di logout","service":"user-service","timestamp":"2024-12-06 11:31:07"}
{"level":"error","message":"Errore nel controller di login","service":"user-service","timestamp":"2024-12-06 11:32:14"}
{"level":"error","message":"Errore nel controller di login","service":"user-service","timestamp":"2024-12-06 11:33:01"}
{"level":"error","message":"Errore nel controller di login","service":"user-service","timestamp":"2024-12-06 11:33:31"}
{"level":"error","message":"Nessuna modifica applicata all'utente","service":"user-service","timestamp":"2024-12-06 11:43:12"}
{"level":"error","message":"Nessuna modifica applicata all'utente","service":"user-service","timestamp":"2024-12-06 11:43:15"}
